<?xml version="1.0" encoding="UTF-8"?>
<testng-results ignored="0" total="1" passed="0" failed="1" skipped="0">
  <reporter-output>
    <line>
      <![CDATA[Browser is launched]]>
    </line>
    <line>
      <![CDATA[Browser is maximized]]>
    </line>
    <line>
      <![CDATA[URL is launched]]>
    </line>
    <line>
      <![CDATA[Registration page is launched]]>
    </line>
    <line>
      <![CDATA[User selected male radio button]]>
    </line>
    <line>
      <![CDATA[User entered correct first name in first name text field]]>
    </line>
    <line>
      <![CDATA[User entered correct last name in last name text field]]>
    </line>
    <line>
      <![CDATA[User entered correct email in email text field]]>
    </line>
    <line>
      <![CDATA[User entered correct password in password text field]]>
    </line>
    <line>
      <![CDATA[User confirmed the password]]>
    </line>
    <line>
      <![CDATA[User registered successfully]]>
    </line>
  </reporter-output>
  <suite started-at="2024-03-07T16:52:18 IST" name="Default suite" finished-at="2024-03-07T16:52:25 IST" duration-ms="7134">
    <groups>
    </groups>
    <test started-at="2024-03-07T16:52:18 IST" name="Default test" finished-at="2024-03-07T16:52:25 IST" duration-ms="7134">
      <class name="writingAutomationScripts.TC_Homepage_003">
        <test-method signature="toClickRegisterButton()[pri:0, instance:writingAutomationScripts.TC_Homepage_003@4f80542f]" started-at="2024-03-07T16:52:18 IST" name="toClickRegisterButton" finished-at="2024-03-07T16:52:25 IST" duration-ms="7059" status="FAIL">
          <exception class="java.lang.AssertionError">
            <message>
              <![CDATA[The following asserts failed:
Register page is not launched expected [https://demowebshop.tricentis.com/] but found [https://demowebshop.tricentis.com/register]]]>
            </message>
            <full-stacktrace>
              <![CDATA[java.lang.AssertionError: The following asserts failed:
Register page is not launched expected [https://demowebshop.tricentis.com/] but found [https://demowebshop.tricentis.com/register]
at org.testng.asserts.SoftAssert.assertAll(SoftAssert.java:46)
at org.testng.asserts.SoftAssert.assertAll(SoftAssert.java:30)
at writingAutomationScripts.TC_Homepage_003.toClickRegisterButton(TC_Homepage_003.java:79)
at java.base/jdk.internal.reflect.NativeMethodAccessorImpl.invoke0(Native Method)
at java.base/jdk.internal.reflect.NativeMethodAccessorImpl.invoke(NativeMethodAccessorImpl.java:62)
at java.base/jdk.internal.reflect.DelegatingMethodAccessorImpl.invoke(DelegatingMethodAccessorImpl.java:43)
at java.base/java.lang.reflect.Method.invoke(Method.java:566)
at org.testng.internal.invokers.MethodInvocationHelper.invokeMethod(MethodInvocationHelper.java:139)
at org.testng.internal.invokers.TestInvoker.invokeMethod(TestInvoker.java:664)
at org.testng.internal.invokers.TestInvoker.invokeTestMethod(TestInvoker.java:227)
at org.testng.internal.invokers.MethodRunner.runInSequence(MethodRunner.java:50)
at org.testng.internal.invokers.TestInvoker$MethodInvocationAgent.invoke(TestInvoker.java:957)
at org.testng.internal.invokers.TestInvoker.invokeTestMethods(TestInvoker.java:200)
at org.testng.internal.invokers.TestMethodWorker.invokeTestMethods(TestMethodWorker.java:148)
at org.testng.internal.invokers.TestMethodWorker.run(TestMethodWorker.java:128)
at java.base/java.util.ArrayList.forEach(ArrayList.java:1541)
at org.testng.TestRunner.privateRun(TestRunner.java:848)
at org.testng.TestRunner.run(TestRunner.java:621)
at org.testng.SuiteRunner.runTest(SuiteRunner.java:443)
at org.testng.SuiteRunner.runSequentially(SuiteRunner.java:437)
at org.testng.SuiteRunner.privateRun(SuiteRunner.java:397)
at org.testng.SuiteRunner.run(SuiteRunner.java:336)
at org.testng.SuiteRunnerWorker.runSuite(SuiteRunnerWorker.java:52)
at org.testng.SuiteRunnerWorker.run(SuiteRunnerWorker.java:95)
at org.testng.TestNG.runSuitesSequentially(TestNG.java:1280)
at org.testng.TestNG.runSuitesLocally(TestNG.java:1200)
at org.testng.TestNG.runSuites(TestNG.java:1114)
at org.testng.TestNG.run(TestNG.java:1082)
at org.testng.remote.AbstractRemoteTestNG.run(AbstractRemoteTestNG.java:115)
at org.testng.remote.RemoteTestNG.initAndRun(RemoteTestNG.java:251)
at org.testng.remote.RemoteTestNG.main(RemoteTestNG.java:77)
]]>
            </full-stacktrace>
          </exception> <!-- java.lang.AssertionError -->
          <reporter-output>
            <line>
              <![CDATA[Browser is launched]]>
            </line>
            <line>
              <![CDATA[Browser is maximized]]>
            </line>
            <line>
              <![CDATA[URL is launched]]>
            </line>
            <line>
              <![CDATA[Registration page is launched]]>
            </line>
            <line>
              <![CDATA[User selected male radio button]]>
            </line>
            <line>
              <![CDATA[User entered correct first name in first name text field]]>
            </line>
            <line>
              <![CDATA[User entered correct last name in last name text field]]>
            </line>
            <line>
              <![CDATA[User entered correct email in email text field]]>
            </line>
            <line>
              <![CDATA[User entered correct password in password text field]]>
            </line>
            <line>
              <![CDATA[User confirmed the password]]>
            </line>
            <line>
              <![CDATA[User registered successfully]]>
            </line>
          </reporter-output>
        </test-method> <!-- toClickRegisterButton -->
      </class> <!-- writingAutomationScripts.TC_Homepage_003 -->
    </test> <!-- Default test -->
  </suite> <!-- Default suite -->
</testng-results>
